<?xml version="1.0" encoding="UTF-8"?>
<!-- Generated by org.testng.reporters.JUnitReportReporter -->
<testsuite hostname="SPMUMLAP-0060" failures="0" tests="23" name="com.test.AllScenarios_EG_TC" time="1389.064" errors="0" timestamp="2025-03-18T10:26:14 IST" skipped="0">
  <testcase classname="com.test.AllScenarios_EG_TC" name="RUNALL" time="0.002"/>
  <system-out/>
  <testcase classname="com.test.AllScenarios_EG_TC" name="RUNALL" time="868.845"/>
  <system-out/>
  <testcase classname="com.test.AllScenarios_EG_TC" name="RUNALL" time="0.003"/>
  <system-out/>
  <testcase classname="com.test.AllScenarios_EG_TC" name="RUNALL" time="0.001"/>
  <system-out/>
  <testcase classname="com.test.AllScenarios_EG_TC" name="RUNALL" time="0.002"/>
  <system-out/>
  <testcase classname="com.test.AllScenarios_EG_TC" name="RUNALL" time="0.001"/>
  <system-out/>
  <testcase classname="com.test.AllScenarios_EG_TC" name="RUNALL" time="0.002"/>
  <system-out/>
  <testcase classname="com.test.AllScenarios_EG_TC" name="RUNALL" time="0.002"/>
  <system-out/>
  <testcase classname="com.test.AllScenarios_EG_TC" name="RUNALL" time="520.148"/>
  <system-out/>
  <testcase classname="com.test.AllScenarios_EG_TC" name="RUNALL" time="0.002"/>
  <system-out/>
  <testcase classname="com.test.AllScenarios_EG_TC" name="RUNALL" time="0.002"/>
  <system-out/>
  <testcase classname="com.test.AllScenarios_EG_TC" name="RUNALL" time="0.002"/>
  <system-out/>
  <testcase classname="com.test.AllScenarios_EG_TC" name="RUNALL" time="0.033"/>
  <system-out/>
  <testcase classname="com.test.AllScenarios_EG_TC" name="RUNALL" time="0.002"/>
  <system-out/>
  <testcase classname="com.test.AllScenarios_EG_TC" name="RUNALL" time="0.001"/>
  <system-out/>
  <testcase classname="com.test.AllScenarios_EG_TC" name="RUNALL" time="0.002"/>
  <system-out/>
  <testcase classname="com.test.AllScenarios_EG_TC" name="RUNALL" time="0.003"/>
  <system-out/>
  <testcase classname="com.test.AllScenarios_EG_TC" name="RUNALL" time="0.002"/>
  <system-out/>
  <testcase classname="com.test.AllScenarios_EG_TC" name="RUNALL" time="0.002"/>
  <system-out/>
  <testcase classname="com.test.AllScenarios_EG_TC" name="RUNALL" time="0.003"/>
  <system-out/>
  <testcase classname="com.test.AllScenarios_EG_TC" name="RUNALL" time="0.001"/>
  <system-out/>
  <testcase classname="com.test.AllScenarios_EG_TC" name="RUNALL" time="0.002"/>
  <system-out/>
  <testcase classname="com.test.AllScenarios_EG_TC" name="RUNALL" time="0.001"/>
  <system-out/>
</testsuite> <!-- com.test.AllScenarios_EG_TC -->
